-------------------------------------------------------------------------------
>Log Session: Monday, March 7, 2016 5:52:17 PM PST
>System Info: 
  Product Version         = Your Maven Platform Word App 201510222201
  Operating System        = Mac OS X version 10.11.2 running on x86_64
  Java; VM; Vendor        = 1.8.0_65; Java HotSpot(TM) 64-Bit Server VM 25.65-b01; Oracle Corporation
  Runtime                 = Java(TM) SE Runtime Environment 1.8.0_65-b17
  Java Home               = /Library/Java/JavaVirtualMachines/jdk1.8.0_65.jdk/Contents/Home/jre
  System Locale; Encoding = en_US (mavenplatformwordapp); UTF-8
  Home Directory          = /Users/blake.turner352
  Current Directory       = /Users/blake.turner352/NetBeansProjects/MavenPlatformWordApp/application
  User Directory          = /Users/blake.turner352/NetBeansProjects/MavenPlatformWordApp/application/target/userdir
  Cache Directory         = /Users/blake.turner352/NetBeansProjects/MavenPlatformWordApp/application/target/userdir/var/cache
  Installation            = /Users/blake.turner352/NetBeansProjects/MavenPlatformWordApp/application/target/mavenplatformwordapp/bin
                            /Users/blake.turner352/NetBeansProjects/MavenPlatformWordApp/application/target/mavenplatformwordapp/etc
                            /Users/blake.turner352/NetBeansProjects/MavenPlatformWordApp/application/target/mavenplatformwordapp/extra
                            /Users/blake.turner352/NetBeansProjects/MavenPlatformWordApp/application/target/mavenplatformwordapp/java
                            /Users/blake.turner352/NetBeansProjects/MavenPlatformWordApp/application/target/mavenplatformwordapp/mavenplatformwordapp
                            /Users/blake.turner352/NetBeansProjects/MavenPlatformWordApp/application/target/mavenplatformwordapp/platform
                            /Users/blake.turner352/NetBeansProjects/MavenPlatformWordApp/application/target/mavenplatformwordapp/platform
  Boot & Ext. Classpath   = /Library/Java/JavaVirtualMachines/jdk1.8.0_65.jdk/Contents/Home/jre/lib/resources.jar:/Library/Java/JavaVirtualMachines/jdk1.8.0_65.jdk/Contents/Home/jre/lib/rt.jar:/Library/Java/JavaVirtualMachines/jdk1.8.0_65.jdk/Contents/Home/jre/lib/sunrsasign.jar:/Library/Java/JavaVirtualMachines/jdk1.8.0_65.jdk/Contents/Home/jre/lib/jsse.jar:/Library/Java/JavaVirtualMachines/jdk1.8.0_65.jdk/Contents/Home/jre/lib/jce.jar:/Library/Java/JavaVirtualMachines/jdk1.8.0_65.jdk/Contents/Home/jre/lib/charsets.jar:/Library/Java/JavaVirtualMachines/jdk1.8.0_65.jdk/Contents/Home/jre/lib/jfr.jar:/Library/Java/JavaVirtualMachines/jdk1.8.0_65.jdk/Contents/Home/jre/classes:/Library/Java/JavaVirtualMachines/jdk1.8.0_65.jdk/Contents/Home/jre/lib/ext/cldrdata.jar:/Library/Java/JavaVirtualMachines/jdk1.8.0_65.jdk/Contents/Home/jre/lib/ext/dnsns.jar:/Library/Java/JavaVirtualMachines/jdk1.8.0_65.jdk/Contents/Home/jre/lib/ext/jaccess.jar:/Library/Java/JavaVirtualMachines/jdk1.8.0_65.jdk/Contents/Home/jre/lib/ext/jfxrt.jar:/Library/Java/JavaVirtualMachines/jdk1.8.0_65.jdk/Contents/Home/jre/lib/ext/localedata.jar:/Library/Java/JavaVirtualMachines/jdk1.8.0_65.jdk/Contents/Home/jre/lib/ext/nashorn.jar:/Library/Java/JavaVirtualMachines/jdk1.8.0_65.jdk/Contents/Home/jre/lib/ext/sunec.jar:/Library/Java/JavaVirtualMachines/jdk1.8.0_65.jdk/Contents/Home/jre/lib/ext/sunjce_provider.jar:/Library/Java/JavaVirtualMachines/jdk1.8.0_65.jdk/Contents/Home/jre/lib/ext/sunpkcs11.jar:/Library/Java/JavaVirtualMachines/jdk1.8.0_65.jdk/Contents/Home/jre/lib/ext/zipfs.jar:/System/Library/Java/Extensions/MRJToolkit.jar
  Application Classpath   = /Users/blake.turner352/NetBeansProjects/MavenPlatformWordApp/application/target/mavenplatformwordapp/platform/lib/boot.jar:/Users/blake.turner352/NetBeansProjects/MavenPlatformWordApp/application/target/mavenplatformwordapp/platform/lib/org-openide-modules.jar:/Users/blake.turner352/NetBeansProjects/MavenPlatformWordApp/application/target/mavenplatformwordapp/platform/lib/org-openide-util-lookup.jar:/Users/blake.turner352/NetBeansProjects/MavenPlatformWordApp/application/target/mavenplatformwordapp/platform/lib/org-openide-util-ui.jar:/Users/blake.turner352/NetBeansProjects/MavenPlatformWordApp/application/target/mavenplatformwordapp/platform/lib/org-openide-util.jar:/Users/blake.turner352/NetBeansProjects/MavenPlatformWordApp/application/target/mavenplatformwordapp/platform/lib/locale/boot_ja.jar:/Users/blake.turner352/NetBeansProjects/MavenPlatformWordApp/application/target/mavenplatformwordapp/platform/lib/locale/boot_pt_BR.jar:/Users/blake.turner352/NetBeansProjects/MavenPlatformWordApp/application/target/mavenplatformwordapp/platform/lib/locale/boot_ru.jar:/Users/blake.turner352/NetBeansProjects/MavenPlatformWordApp/application/target/mavenplatformwordapp/platform/lib/locale/boot_zh_CN.jar:/Users/blake.turner352/NetBeansProjects/MavenPlatformWordApp/application/target/mavenplatformwordapp/platform/lib/locale/org-openide-modules_ja.jar:/Users/blake.turner352/NetBeansProjects/MavenPlatformWordApp/application/target/mavenplatformwordapp/platform/lib/locale/org-openide-modules_pt_BR.jar:/Users/blake.turner352/NetBeansProjects/MavenPlatformWordApp/application/target/mavenplatformwordapp/platform/lib/locale/org-openide-modules_ru.jar:/Users/blake.turner352/NetBeansProjects/MavenPlatformWordApp/application/target/mavenplatformwordapp/platform/lib/locale/org-openide-modules_zh_CN.jar:/Users/blake.turner352/NetBeansProjects/MavenPlatformWordApp/application/target/mavenplatformwordapp/platform/lib/locale/org-openide-util-lookup_ja.jar:/Users/blake.turner352/NetBeansProjects/MavenPlatformWordApp/application/target/mavenplatformwordapp/platform/lib/locale/org-openide-util-lookup_pt_BR.jar:/Users/blake.turner352/NetBeansProjects/MavenPlatformWordApp/application/target/mavenplatformwordapp/platform/lib/locale/org-openide-util-lookup_ru.jar:/Users/blake.turner352/NetBeansProjects/MavenPlatformWordApp/application/target/mavenplatformwordapp/platform/lib/locale/org-openide-util-lookup_zh_CN.jar:/Users/blake.turner352/NetBeansProjects/MavenPlatformWordApp/application/target/mavenplatformwordapp/platform/lib/locale/org-openide-util-ui_ja.jar:/Users/blake.turner352/NetBeansProjects/MavenPlatformWordApp/application/target/mavenplatformwordapp/platform/lib/locale/org-openide-util-ui_pt_BR.jar:/Users/blake.turner352/NetBeansProjects/MavenPlatformWordApp/application/target/mavenplatformwordapp/platform/lib/locale/org-openide-util-ui_ru.jar:/Users/blake.turner352/NetBeansProjects/MavenPlatformWordApp/application/target/mavenplatformwordapp/platform/lib/locale/org-openide-util-ui_zh_CN.jar:/Users/blake.turner352/NetBeansProjects/MavenPlatformWordApp/application/target/mavenplatformwordapp/platform/lib/locale/org-openide-util_ja.jar:/Users/blake.turner352/NetBeansProjects/MavenPlatformWordApp/application/target/mavenplatformwordapp/platform/lib/locale/org-openide-util_pt_BR.jar:/Users/blake.turner352/NetBeansProjects/MavenPlatformWordApp/application/target/mavenplatformwordapp/platform/lib/locale/org-openide-util_ru.jar:/Users/blake.turner352/NetBeansProjects/MavenPlatformWordApp/application/target/mavenplatformwordapp/platform/lib/locale/org-openide-util_zh_CN.jar:/Library/Java/JavaVirtualMachines/jdk1.8.0_65.jdk/Contents/Home/lib/dt.jar:/Library/Java/JavaVirtualMachines/jdk1.8.0_65.jdk/Contents/Home/lib/tools.jar
  Startup Classpath       = /Users/blake.turner352/NetBeansProjects/MavenPlatformWordApp/application/target/mavenplatformwordapp/platform/core/asm-all-5.0.1.jar:/Users/blake.turner352/NetBeansProjects/MavenPlatformWordApp/application/target/mavenplatformwordapp/platform/core/core-base.jar:/Users/blake.turner352/NetBeansProjects/MavenPlatformWordApp/application/target/mavenplatformwordapp/platform/core/core.jar:/Users/blake.turner352/NetBeansProjects/MavenPlatformWordApp/application/target/mavenplatformwordapp/platform/core/org-netbeans-libs-asm.jar:/Users/blake.turner352/NetBeansProjects/MavenPlatformWordApp/application/target/mavenplatformwordapp/platform/core/org-openide-filesystems-compat8.jar:/Users/blake.turner352/NetBeansProjects/MavenPlatformWordApp/application/target/mavenplatformwordapp/platform/core/org-openide-filesystems.jar:/Users/blake.turner352/NetBeansProjects/MavenPlatformWordApp/application/target/mavenplatformwordapp/platform/core/locale/core-base_ja.jar:/Users/blake.turner352/NetBeansProjects/MavenPlatformWordApp/application/target/mavenplatformwordapp/platform/core/locale/core-base_pt_BR.jar:/Users/blake.turner352/NetBeansProjects/MavenPlatformWordApp/application/target/mavenplatformwordapp/platform/core/locale/core-base_ru.jar:/Users/blake.turner352/NetBeansProjects/MavenPlatformWordApp/application/target/mavenplatformwordapp/platform/core/locale/core-base_zh_CN.jar:/Users/blake.turner352/NetBeansProjects/MavenPlatformWordApp/application/target/mavenplatformwordapp/platform/core/locale/core_ja.jar:/Users/blake.turner352/NetBeansProjects/MavenPlatformWordApp/application/target/mavenplatformwordapp/platform/core/locale/core_pt_BR.jar:/Users/blake.turner352/NetBeansProjects/MavenPlatformWordApp/application/target/mavenplatformwordapp/platform/core/locale/core_ru.jar:/Users/blake.turner352/NetBeansProjects/MavenPlatformWordApp/application/target/mavenplatformwordapp/platform/core/locale/core_zh_CN.jar:/Users/blake.turner352/NetBeansProjects/MavenPlatformWordApp/application/target/mavenplatformwordapp/platform/core/locale/org-netbeans-libs-asm_ja.jar:/Users/blake.turner352/NetBeansProjects/MavenPlatformWordApp/application/target/mavenplatformwordapp/platform/core/locale/org-netbeans-libs-asm_pt_BR.jar:/Users/blake.turner352/NetBeansProjects/MavenPlatformWordApp/application/target/mavenplatformwordapp/platform/core/locale/org-netbeans-libs-asm_ru.jar:/Users/blake.turner352/NetBeansProjects/MavenPlatformWordApp/application/target/mavenplatformwordapp/platform/core/locale/org-netbeans-libs-asm_zh_CN.jar:/Users/blake.turner352/NetBeansProjects/MavenPlatformWordApp/application/target/mavenplatformwordapp/platform/core/locale/org-openide-filesystems-compat8_ja.jar:/Users/blake.turner352/NetBeansProjects/MavenPlatformWordApp/application/target/mavenplatformwordapp/platform/core/locale/org-openide-filesystems-compat8_pt_BR.jar:/Users/blake.turner352/NetBeansProjects/MavenPlatformWordApp/application/target/mavenplatformwordapp/platform/core/locale/org-openide-filesystems-compat8_ru.jar:/Users/blake.turner352/NetBeansProjects/MavenPlatformWordApp/application/target/mavenplatformwordapp/platform/core/locale/org-openide-filesystems-compat8_zh_CN.jar:/Users/blake.turner352/NetBeansProjects/MavenPlatformWordApp/application/target/mavenplatformwordapp/platform/core/locale/org-openide-filesystems_ja.jar:/Users/blake.turner352/NetBeansProjects/MavenPlatformWordApp/application/target/mavenplatformwordapp/platform/core/locale/org-openide-filesystems_pt_BR.jar:/Users/blake.turner352/NetBeansProjects/MavenPlatformWordApp/application/target/mavenplatformwordapp/platform/core/locale/org-openide-filesystems_ru.jar:/Users/blake.turner352/NetBeansProjects/MavenPlatformWordApp/application/target/mavenplatformwordapp/platform/core/locale/org-openide-filesystems_zh_CN.jar:/Users/blake.turner352/NetBeansProjects/MavenPlatformWordApp/application/target/mavenplatformwordapp/mavenplatformwordapp/core/locale/core_mavenplatformwordapp.jar
-------------------------------------------------------------------------------
INFO [org.netbeans.core.startup.NbEvents]: Module patch or custom extension: /Users/blake.turner352/NetBeansProjects/MavenPlatformWordApp/MavenWordEngine/target/classes
INFO [org.netbeans.core.startup.NbEvents]: Module patch or custom extension: /Users/blake.turner352/NetBeansProjects/MavenPlatformWordApp/branding/target/classes
WARNING [org.netbeans.modules.autoupdate.ui.actions.AutoupdateSettings]: The property "netbeans.default_userdir_root" was not set!
INFO [org.netbeans.core.startup.NbEvents]: Turning on modules:
	org.openide.util.lookup [8.32.1 201510222201]
	org.openide.util [9.5.1 201510222201]
	org.openide.util.ui [9.4.1 201510222201]
	org.openide.modules [7.47.1 201510222201]
	org.netbeans.api.annotations.common/1 [1.26.1 201510222201]
	org.openide.filesystems [9.8.1 201510222201]
	org.openide.awt [7.65.1 201510222201]
	org.netbeans.api.progress/1 [1.46.1 201510222201]
	org.netbeans.api.progress.nb [1.46.1 201510222201]
	org.openide.dialogs [7.41.1 201510222201]
	org.openide.nodes [7.42.1 201510222201]
	org.openide.windows [6.74.1 201510222201]
	org.netbeans.modules.editor.mimelookup/1 [1.39.1 201510222201]
	org.openide.text [6.66.1 201510222201]
	org.netbeans.swing.tabcontrol [1.54.1 201510222201]
	org.netbeans.swing.outline [1.32.1 201510222201]
	org.openide.explorer [6.61.1 201510222201]
	org.openide.actions [6.38.1 201510222201]
	org.netbeans.modules.queries/1 [1.42.1 201510222201]
	org.netbeans.api.templates [1.6.1 201510222201]
	org.openide.filesystems.nb [9.7.1 201510222201]
	org.openide.loaders [7.63.1 201510222201]
	org.netbeans.api.intent [1.1.1 201510222201]
	org.netbeans.api.io [1.2.1 201510222201]
	org.openide.io [1.48.1 201510222201]
	org.openide.filesystems.compat8 [9.7.1 201510222201]
	org.netbeans.swing.plaf [1.40.1 201510222201]
	org.netbeans.spi.quicksearch [1.26.1 201510222201]
	org.netbeans.modules.templates/1 [1.6.1 201510222201]
	org.netbeans.libs.asm [5.2.1 201510222201]
	org.netbeans.bootstrap/1 [2.74.1 201510222201]
	org.netbeans.core.startup.base [1.61.1.1 1 201510222201]
	org.netbeans.core.startup/1 [1.61.1.1 201510222201]
	org.netbeans.modules.settings/1 [1.48.1 201510222201]
	org.netbeans.modules.sendopts/2 [2.34.1 201510222201]
	org.netbeans.modules.sampler [1.13.1 201510222201]
	org.netbeans.modules.progress.ui [1.32.1 201510222201]
	org.netbeans.modules.print [7.25.1 201510222201]
	org.netbeans.modules.keyring [1.23.1 201510222201]
	org.netbeans.core/2 [3.49.1 201510222201]
	org.netbeans.modules.options.api/1 [1.44.1 201510222201]
	org.netbeans.modules.options.keymap [1.36.1 201510222201]
	org.netbeans.modules.masterfs/2 [2.54.1.2 2 201510222201]
	org.netbeans.modules.masterfs.ui [2.2.1.2 201510222201]
	org.netbeans.modules.masterfs.nio2 [1.14.1 201510222201]
	org.netbeans.libs.jna/1 [1.41.1 201510222201]
	org.netbeans.modules.masterfs.macosx [1.12.1 201510222201]
	org.netbeans.modules.keyring.fallback [1.7.1 201510222201]
	org.netbeans.modules.keyring.impl [1.23.1 201510222201]
	org.netbeans.modules.favorites/1 [1.45.1 201510222201]
	org.netbeans.modules.editor.mimelookup.impl/1 [1.31.1 201510222201]
	org.netbeans.modules.autoupdate.services [1.51.1 201510222201]
	org.netbeans.modules.autoupdate.cli [1.12.1 201510222201]
	org.netbeans.core.windows/2 [2.80.1 201510222201]
	org.netbeans.core.ui/1 [1.44.1 201510222201]
	org.netbeans.libs.osgi [1.20.1 201510222201]
	org.netbeans.libs.felix [2.14.1 201510222201]
	org.netbeans.modules.autoupdate.ui [1.44.1 201510222201]
	org.netbeans.modules.core.kit [1.29.1 201510222201]
	org.netbeans.modules.applemenu/1 [1.36.1 201510222201]
	org.netbeans.libs.jna.platform/1 [1.10.1 201510222201]
	org.netbeans.core.output2/1 [1.40.1 201510222201]
	org.netbeans.core.network [1.9.1 201510222201]
	org.netbeans.core.netigso [1.30.1 201510222201]
	org.netbeans.core.nativeaccess/1 [1.30.1 201510222201]
	org.netbeans.core.multitabs/1 [1.11.1.1 1 201510222201]
	org.netbeans.core.io.ui/1 [1.29.1 201510222201]
	com.mycompany.MavenWordEngine [1.0 1.0-20160308 201603080152]
	com.mycompany.MavenPlatformWordApp.branding [1.0 1.0-20160308 201603080152]
INFO [org.netbeans.core.network.proxy.NetworkProxyReloader]: System network proxy resolver: Mac
INFO [org.netbeans.core.network.proxy.NetworkProxyReloader]: System network proxy reloading failed! Trying fallback resolver.
INFO [org.netbeans.core.network.proxy.fallback.FallbackNetworkProxy]: Fallback system proxy resolver: no http_proxy variable found
INFO [org.netbeans.core.network.proxy.NetworkProxyReloader]: System network proxy reloading succeeded. Fallback provider was successful.
INFO [org.netbeans.core.network.proxy.NetworkProxyReloader]: System network proxy - mode: direct
INFO [org.netbeans.core.network.proxy.NetworkProxyReloader]: System network proxy: fell to default (correct if direct mode went before)
INFO [org.netbeans.ui.metrics.laf]: USG_LOOK_AND_FEEL
Diagnostic information
Input arguments:
	-Djdk.home=/Library/Java/JavaVirtualMachines/jdk1.8.0_65.jdk/Contents/Home
	-Dnetbeans.dirs=/Users/blake.turner352/NetBeansProjects/MavenPlatformWordApp/application/target/mavenplatformwordapp/bin:/Users/blake.turner352/NetBeansProjects/MavenPlatformWordApp/application/target/mavenplatformwordapp/etc:/Users/blake.turner352/NetBeansProjects/MavenPlatformWordApp/application/target/mavenplatformwordapp/extra:/Users/blake.turner352/NetBeansProjects/MavenPlatformWordApp/application/target/mavenplatformwordapp/java:/Users/blake.turner352/NetBeansProjects/MavenPlatformWordApp/application/target/mavenplatformwordapp/mavenplatformwordapp:/Users/blake.turner352/NetBeansProjects/MavenPlatformWordApp/application/target/mavenplatformwordapp/platform:
	-Dnetbeans.home=/Users/blake.turner352/NetBeansProjects/MavenPlatformWordApp/application/target/mavenplatformwordapp/platform
	-Dcom.apple.mrj.application.apple.menu.about.name=mavenplatformwordapp
	-Xms24m
	-Xmx64m
	-Dnetbeans.logger.console=true
	-ea
	-Dnetbeans.patches.com.mycompany.MavenPlatformWordApp.branding=/Users/blake.turner352/NetBeansProjects/MavenPlatformWordApp/branding/target/classes
	-Dnetbeans.patches.com.mycompany.MavenWordEngine=/Users/blake.turner352/NetBeansProjects/MavenPlatformWordApp/MavenWordEngine/target/classes
	-XX:+HeapDumpOnOutOfMemoryError
	-XX:HeapDumpPath=/Users/blake.turner352/NetBeansProjects/MavenPlatformWordApp/application/target/userdir/var/log/heapdump.hprof
Compiler: HotSpot 64-Bit Tiered Compilers
Heap memory usage: initial 24.0MB maximum 57.0MB
Non heap memory usage: initial 2.4MB maximum -1b
Garbage collector: PS Scavenge (Collections=14 Total time spent=0s)
Garbage collector: PS MarkSweep (Collections=1 Total time spent=0s)
Classes: loaded=4723 total loaded=4723 unloaded 0
INFO [org.netbeans.core.ui.warmup.DiagnosticTask]: Total memory 8,589,934,592
INFO [null]: Total physical memory 8,589,934,592
WARNING [org.openide.filesystems.Ordering]: Not all children in Menu/Window/ marked with the position attribute: [com-mycompany-mavenwordengine-TextTopComponent.shadow], but some are: [org-netbeans-modules-favorites-View.shadow, org-netbeans-core-io-ui-IOWindowAction.shadow, SwitchToRecentDocumentAction.shadow, Web, Tools, Separator3.instance, ConfigureWindow, org-netbeans-core-windows-actions-ResetWindowsAction.shadow, Separator4.instance, CloseWindowAction.shadow, CloseAllDocumentsAction.shadow, CloseAllButThisAction.shadow, GroupsMenuAction.shadow, DocumentsAction.shadow]
